########### array before sorts ###########
0	1.270000	0.000000	53.340000	0.000000	n
1	0.127000	55.372000	0.127000	1.143000	n
2	53.340000	0.000000	53.635830	0.038947	n
3	53.635830	0.038947	53.911500	0.153133	n
4	53.911500	0.153133	54.148223	0.334777	n
5	54.148223	0.334777	54.329867	0.571500	n
6	54.329867	0.571500	54.444053	0.847170	n
7	54.444053	0.847170	54.483000	1.143000	n
8	0.127000	55.372000	0.165947	55.667830	n
9	0.165947	55.667830	0.280133	55.943500	n
10	0.280133	55.943500	0.461777	56.180223	n
11	0.461777	56.180223	0.698500	56.361867	n
12	0.698500	56.361867	0.974170	56.476053	n
13	0.974170	56.476053	1.270000	56.515000	n
14	54.483000	55.372000	54.444053	55.667830	n
15	54.444053	55.667830	54.329867	55.943500	n
16	54.329867	55.943500	54.148223	56.180223	n
17	54.148223	56.180223	53.911500	56.361867	n
18	53.911500	56.361867	53.635830	56.476053	n
19	53.635830	56.476053	53.340000	56.515000	n
20	54.483000	55.372000	54.483000	1.143000	n
21	53.340000	56.515000	1.270000	56.515000	n
22	1.270000	0.000000	0.974170	0.038947	n
23	0.974170	0.038947	0.698500	0.153133	n
24	0.698500	0.153133	0.461777	0.334777	n
25	0.461777	0.334777	0.280133	0.571500	n
26	0.280133	0.571500	0.165947	0.847170	n
27	0.165947	0.847170	0.127000	1.143000	n
Tolerance=0.050000.
*Exact match for i=0 and j=2.
*i point 1.270000	0.000000	53.340000	0.000000	y
*Exact match for i=1 and j=3.
*i point 53.340000	0.000000	53.635830	0.038947	y
*Exact match for i=2 and j=4.
*i point 53.635830	0.038947	53.911500	0.153133	y
*Exact match for i=3 and j=5.
*i point 53.911500	0.153133	54.148223	0.334777	y
*Exact match for i=4 and j=6.
*i point 54.148223	0.334777	54.329867	0.571500	y
*Exact match for i=5 and j=7.
*i point 54.329867	0.571500	54.444053	0.847170	y
*Exact match for i=6 and j=20.
*i point 54.444053	0.847170	54.483000	1.143000	y
	*Before flip 	54.483000	55.372000	54.483000	1.143000	y
	*After flip 	54.483000	1.143000	54.483000	55.372000	y
*Exact match for i=7 and j=14.
*i point 54.483000	1.143000	54.483000	55.372000	y
*Exact match for i=8 and j=15.
*i point 54.483000	55.372000	54.444053	55.667830	y
*Exact match for i=9 and j=16.
*i point 54.444053	55.667830	54.329867	55.943500	y
*Exact match for i=10 and j=17.
*i point 54.329867	55.943500	54.148223	56.180223	y
*Exact match for i=11 and j=18.
*i point 54.148223	56.180223	53.911500	56.361867	y
*Exact match for i=12 and j=19.
*i point 53.911500	56.361867	53.635830	56.476053	y
*Exact match for i=13 and j=21.
*i point 53.635830	56.476053	53.340000	56.515000	y
*Exact match for i=14 and j=19.
*i point 53.340000	56.515000	1.270000	56.515000	y
	*Before flip 	0.974170	56.476053	1.270000	56.515000	y
	*After flip 	1.270000	56.515000	0.974170	56.476053	y
*Exact match for i=15 and j=18.
*i point 1.270000	56.515000	0.974170	56.476053	y
	*Before flip 	0.698500	56.361867	0.974170	56.476053	y
	*After flip 	0.974170	56.476053	0.698500	56.361867	y
*Exact match for i=16 and j=17.
*i point 0.974170	56.476053	0.698500	56.361867	y
	*Before flip 	0.461777	56.180223	0.698500	56.361867	y
	*After flip 	0.698500	56.361867	0.461777	56.180223	y
*Exact match for i=17 and j=18.
*i point 0.698500	56.361867	0.461777	56.180223	y
	*Before flip 	0.280133	55.943500	0.461777	56.180223	y
	*After flip 	0.461777	56.180223	0.280133	55.943500	y
*Exact match for i=18 and j=19.
*i point 0.461777	56.180223	0.280133	55.943500	y
	*Before flip 	0.165947	55.667830	0.280133	55.943500	y
	*After flip 	0.280133	55.943500	0.165947	55.667830	y
*Exact match for i=19 and j=21.
*i point 0.280133	55.943500	0.165947	55.667830	y
	*Before flip 	0.127000	55.372000	0.165947	55.667830	y
	*After flip 	0.165947	55.667830	0.127000	55.372000	y
*Exact match for i=20 and j=21.
*i point 0.165947	55.667830	0.127000	55.372000	y
*Exact match for i=21 and j=27.
*i point 0.127000	55.372000	0.127000	1.143000	y
	*Before flip 	0.165947	0.847170	0.127000	1.143000	y
	*After flip 	0.127000	1.143000	0.165947	0.847170	y
*Exact match for i=22 and j=26.
*i point 0.127000	1.143000	0.165947	0.847170	y
	*Before flip 	0.280133	0.571500	0.165947	0.847170	y
	*After flip 	0.165947	0.847170	0.280133	0.571500	y
*Exact match for i=23 and j=25.
*i point 0.165947	0.847170	0.280133	0.571500	y
	*Before flip 	0.461777	0.334777	0.280133	0.571500	y
	*After flip 	0.280133	0.571500	0.461777	0.334777	y
*Exact match for i=24 and j=25.
*i point 0.280133	0.571500	0.461777	0.334777	y
	*Before flip 	0.698500	0.153133	0.461777	0.334777	y
	*After flip 	0.461777	0.334777	0.698500	0.153133	y
*Exact match for i=25 and j=26.
*i point 0.461777	0.334777	0.698500	0.153133	y
	*Before flip 	0.974170	0.038947	0.698500	0.153133	y
	*After flip 	0.698500	0.153133	0.974170	0.038947	y
*Exact match for i=26 and j=27.
*i point 0.698500	0.153133	0.974170	0.038947	y
	*Before flip 	1.270000	0.000000	0.974170	0.038947	y
	*After flip 	0.974170	0.038947	1.270000	0.000000	y
########### array after sorts ###########
0	1.270000	0.000000	53.340000	0.000000	y
1	53.340000	0.000000	53.635830	0.038947	y
2	53.635830	0.038947	53.911500	0.153133	y
3	53.911500	0.153133	54.148223	0.334777	y
4	54.148223	0.334777	54.329867	0.571500	y
5	54.329867	0.571500	54.444053	0.847170	y
6	54.444053	0.847170	54.483000	1.143000	y
7	54.483000	1.143000	54.483000	55.372000	y
8	54.483000	55.372000	54.444053	55.667830	y
9	54.444053	55.667830	54.329867	55.943500	y
10	54.329867	55.943500	54.148223	56.180223	y
11	54.148223	56.180223	53.911500	56.361867	y
12	53.911500	56.361867	53.635830	56.476053	y
13	53.635830	56.476053	53.340000	56.515000	y
14	53.340000	56.515000	1.270000	56.515000	y
15	1.270000	56.515000	0.974170	56.476053	y
16	0.974170	56.476053	0.698500	56.361867	y
17	0.698500	56.361867	0.461777	56.180223	y
18	0.461777	56.180223	0.280133	55.943500	y
19	0.280133	55.943500	0.165947	55.667830	y
20	0.165947	55.667830	0.127000	55.372000	y
21	0.127000	55.372000	0.127000	1.143000	y
22	0.127000	1.143000	0.165947	0.847170	y
23	0.165947	0.847170	0.280133	0.571500	y
24	0.280133	0.571500	0.461777	0.334777	y
25	0.461777	0.334777	0.698500	0.153133	y
26	0.698500	0.153133	0.974170	0.038947	y
27	0.974170	0.038947	1.270000	0.000000	y
***************
.BOARD_OUTLINE UNOWNED
1.6
0     1.270000     0.000000     0
0     53.340000     0.000000     0
0     53.635830     0.038947     0
0     53.911500     0.153133     0
0     54.148223     0.334777     0
0     54.329867     0.571500     0
0     54.444053     0.847170     0
0     54.483000     1.143000     0
0     54.483000     55.372000     0
0     54.444053     55.667830     0
0     54.329867     55.943500     0
0     54.148223     56.180223     0
0     53.911500     56.361867     0
0     53.635830     56.476053     0
0     53.340000     56.515000     0
0     1.270000     56.515000     0
0     0.974170     56.476053     0
0     0.698500     56.361867     0
0     0.461777     56.180223     0
0     0.280133     55.943500     0
0     0.165947     55.667830     0
0     0.127000     55.372000     0
0     0.127000     1.143000     0
0     0.165947     0.847170     0
0     0.280133     0.571500     0
0     0.461777     0.334777     0
0     0.698500     0.153133     0
0     0.974170     0.038947     0
0     1.270000     0.000000     0
